timestamp,avg_response_time_ms,95th_percentile_ms,avg_response_time_this_sec_ms,request_count
2025-04-23 00:39:47,53.09,73.4,70.17,15
2025-04-23 00:39:48,50.63,78.65,29.49,20
2025-04-23 00:39:49,45.04,79.74,48.86,27
2025-04-23 00:39:50,45.06,83.74,33.37,27
2025-04-23 00:39:51,40.4,82.42,21.58,40
2025-04-23 00:39:52,35.01,81.32,15.2,41
2025-04-23 00:39:53,30.64,79.67,14.64,43
2025-04-23 00:39:54,27.5,77.69,12.0,48
2025-04-23 00:39:55,25.59,78.13,21.49,61
2025-04-23 00:39:56,24.24,78.76,17.31,63
2025-04-23 00:39:57,23.17,77.01,14.5,74
2025-04-23 00:39:58,22.03,74.86,20.75,71
2025-04-23 00:39:59,21.45,73.33,16.51,99
2025-04-23 00:40:00,20.8,70.35,7.59,80
2025-04-23 00:40:01,19.21,65.13,3.61,71
2025-04-23 00:40:02,20.01,72.06,33.74,82
2025-04-23 00:40:03,19.13,73.47,3.75,93
2025-04-23 00:40:04,17.93,71.75,5.67,76
2025-04-23 00:40:05,17.09,68.72,4.62,69
2025-04-23 00:40:06,16.73,64.82,25.54,132
2025-04-23 00:40:07,17.85,72.54,34.83,123
2025-04-23 00:40:08,19.29,75.79,34.32,135
2025-04-23 00:40:09,20.05,78.06,13.69,124
2025-04-23 00:40:10,19.73,76.96,14.22,137
2025-04-23 00:40:11,19.0,75.57,4.03,132
2025-04-23 00:40:12,18.34,75.0,11.87,126
2025-04-23 00:40:13,17.59,74.12,4.0,138
2025-04-23 00:40:14,17.07,74.0,13.04,125
2025-04-23 00:40:15,16.59,73.27,3.63,124
2025-04-23 00:40:16,16.01,72.6,8.85,151
2025-04-23 00:40:17,15.54,72.0,4.96,133
2025-04-23 00:40:18,15.14,70.79,8.05,117
2025-04-23 00:40:19,14.75,69.88,4.57,124
2025-04-23 00:40:20,14.42,68.98,7.92,107
2025-04-23 00:40:21,14.11,67.47,4.72,123
2025-04-23 00:40:22,13.82,66.71,6.68,105
2025-04-23 00:40:23,13.56,65.29,4.21,104
2025-04-23 00:40:24,13.34,64.43,9.16,107
2025-04-23 00:40:25,13.15,63.38,3.74,100
2025-04-23 00:40:26,12.9,61.75,6.03,102
2025-04-23 00:40:27,12.72,59.69,4.05,83
2025-04-23 00:40:28,12.55,58.42,6.02,81
2025-04-23 00:40:29,12.41,58.0,4.86,68
2025-04-23 00:40:30,12.38,57.3,19.22,82
2025-04-23 00:40:31,12.44,57.0,4.17,57
2025-04-23 00:40:32,12.34,56.41,9.51,63
2025-04-23 00:40:33,12.28,56.0,5.2,69
2025-04-23 00:40:34,12.16,56.0,6.45,65
2025-04-23 00:40:35,12.07,55.47,3.85,62
2025-04-23 00:40:36,11.96,55.0,5.21,64
2025-04-23 00:40:37,11.85,55.0,3.36,61
2025-04-23 00:40:38,11.74,54.66,4.62,64
2025-04-23 00:40:39,11.64,54.0,4.71,51
2025-04-23 00:40:40,11.57,54.0,7.18,52
2025-04-23 00:40:41,11.51,53.76,4.23,72
2025-04-23 00:40:42,11.43,53.0,5.54,32
2025-04-23 00:40:43,11.38,53.0,3.78,36
2025-04-23 00:40:44,11.31,53.0,4.12,43
2025-04-23 00:40:45,11.25,53.0,3.86,43
2025-04-23 00:40:46,11.28,53.48,32.84,52
2025-04-23 00:40:47,11.47,54.63,19.94,59
2025-04-23 00:40:48,11.6,54.54,36.2,74
2025-04-23 00:40:49,11.91,56.0,17.96,68
2025-04-23 00:40:50,12.05,56.62,33.75,77
2025-04-23 00:40:51,12.31,58.21,16.77,92
2025-04-23 00:40:52,12.34,58.0,6.99,87
2025-04-23 00:40:53,12.26,57.0,4.43,74
2025-04-23 00:40:54,12.14,56.81,4.34,81
2025-04-23 00:40:55,12.03,56.0,4.94,95
2025-04-23 00:40:56,11.92,56.0,6.86,89
2025-04-23 00:40:57,11.85,55.66,4.41,62
2025-04-23 00:40:58,11.76,55.0,4.83,71
2025-04-23 00:40:59,11.69,55.0,5.91,80
2025-04-23 00:41:00,11.62,55.0,8.79,48
2025-04-23 00:41:01,11.58,54.34,4.44,58
2025-04-23 00:41:02,11.52,54.0,6.58,51
2025-04-23 00:41:03,11.48,54.0,5.57,54
2025-04-23 00:41:04,11.43,54.0,3.72,40
2025-04-23 00:41:05,11.37,53.3,3.73,57
2025-04-23 00:41:06,11.51,54.18,64.55,84
2025-04-23 00:41:07,12.14,58.55,45.62,93
2025-04-23 00:41:08,12.61,64.15,36.43,104
2025-04-23 00:41:09,12.99,67.23,34.79,103
2025-04-23 00:41:10,13.21,68.02,15.9,82
2025-04-23 00:41:11,14.6,72.59,74.44,204
2025-04-23 00:41:12,15.05,74.0,13.26,122
2025-04-23 00:41:13,15.01,73.68,6.52,130
2025-04-23 00:41:14,14.83,73.0,5.5,122
2025-04-23 00:41:15,14.69,73.0,5.59,128
2025-04-23 00:41:16,14.53,73.0,7.44,128
2025-04-23 00:41:17,14.41,72.14,7.87,143
2025-04-23 00:41:18,14.27,72.0,5.61,126
2025-04-23 00:41:19,14.18,71.87,7.71,127
2025-04-23 00:41:20,14.06,71.0,8.78,132
2025-04-23 00:41:21,14.01,70.5,10.81,144
2025-04-23 00:41:22,13.9,70.0,6.76,135
2025-04-23 00:41:23,13.83,69.61,9.43,120
2025-04-23 00:41:24,13.71,69.0,5.12,137
2025-04-23 00:41:25,13.6,68.61,5.98,124
2025-04-23 00:41:26,13.47,67.82,6.97,136
2025-04-23 00:41:27,13.41,67.0,7.74,108
2025-04-23 00:41:28,13.3,67.0,4.45,119
2025-04-23 00:41:29,13.24,66.62,8.61,111
2025-04-23 00:41:30,13.15,66.0,9.58,114
2025-04-23 00:41:31,13.13,65.38,8.33,116
2025-04-23 00:41:33,13.04,65.0,16.07,123
2025-04-23 00:41:34,12.96,64.54,4.16,108
2025-04-23 00:41:35,12.88,64.0,5.93,100
2025-04-23 00:41:36,12.82,64.15,26.98,144
2025-04-23 00:41:37,13.32,66.94,31.35,154
2025-04-23 00:41:38,13.27,66.84,4.08,133
2025-04-23 00:41:39,13.21,66.0,12.98,124
2025-04-23 00:41:40,13.2,65.56,15.33,133
2025-04-23 00:41:41,13.33,65.97,22.09,138
2025-04-23 00:41:42,13.31,65.18,7.1,135
2025-04-23 00:41:43,13.32,65.0,19.05,125
2025-04-23 00:41:44,13.31,64.44,7.64,146
2025-04-23 00:41:45,13.26,64.0,14.23,125
2025-04-23 00:41:46,13.25,63.67,7.25,138
2025-04-23 00:41:47,13.19,63.0,12.55,116
2025-04-23 00:41:48,13.16,63.0,6.15,120
2025-04-23 00:41:49,13.12,62.3,11.18,130
2025-04-23 00:41:50,13.06,62.0,6.06,112
2025-04-23 00:41:51,13.02,61.18,8.48,95
2025-04-23 00:41:52,12.95,60.02,5.24,114
2025-04-23 00:41:53,12.93,60.0,17.55,84
2025-04-23 00:41:54,12.98,60.0,23.88,90
2025-04-23 00:41:55,13.02,59.85,10.7,87
2025-04-23 00:41:56,13.03,59.02,19.16,87
2025-04-23 00:41:57,13.2,60.99,43.46,104
2025-04-23 00:41:58,13.54,63.93,36.96,126
2025-04-23 00:41:59,13.53,64.0,12.07,80
2025-04-23 00:42:00,13.5,64.0,4.79,111
2025-04-23 00:42:01,13.46,63.35,11.48,113
2025-04-23 00:42:02,13.42,63.0,4.31,82
2025-04-23 00:42:03,13.36,63.0,9.06,93
2025-04-23 00:42:04,13.32,63.0,4.37,108
2025-04-23 00:42:05,13.25,62.03,6.58,99
2025-04-23 00:42:06,13.2,62.0,11.66,100
2025-04-23 00:42:07,13.56,64.6,52.35,147
2025-04-23 00:42:08,13.62,65.0,5.32,91
2025-04-23 00:42:09,13.57,64.22,9.39,116
2025-04-23 00:42:10,13.57,64.0,11.86,113
2025-04-23 00:42:11,13.51,64.0,8.06,112
2025-04-23 00:42:12,13.49,63.34,9.16,131
2025-04-23 00:42:13,13.43,63.0,12.53,129
2025-04-23 00:42:14,13.44,63.0,7.45,103
2025-04-23 00:42:15,13.38,62.92,8.07,111
2025-04-23 00:42:16,13.34,62.0,10.97,130
2025-04-23 00:42:17,13.55,64.61,39.31,148
2025-04-23 00:42:18,13.68,65.0,18.47,142
2025-04-23 00:42:19,13.63,65.0,10.89,136
2025-04-23 00:42:20,13.67,65.0,18.54,126
2025-04-23 00:42:21,13.64,64.89,9.74,122
2025-04-23 00:42:22,13.72,64.95,20.99,153
2025-04-23 00:42:23,13.68,64.93,11.22,122
2025-04-23 00:42:24,13.68,64.0,8.16,149
2025-04-23 00:42:25,13.6,64.0,6.46,122
2025-04-23 00:42:26,13.56,63.16,6.39,135
2025-04-23 00:42:27,13.49,63.0,4.98,127
2025-04-23 00:42:28,13.45,63.0,9.29,113
2025-04-23 00:42:29,13.41,62.74,10.39,116
2025-04-23 00:42:30,13.39,62.0,8.72,118
2025-04-23 00:42:31,13.34,62.0,7.51,118
2025-04-23 00:42:32,13.31,61.14,7.07,100
2025-04-23 00:42:33,13.26,61.0,6.26,92
2025-04-23 00:42:34,13.23,60.23,6.01,95
2025-04-23 00:42:35,13.18,60.0,4.08,87
2025-04-23 00:42:36,13.14,60.0,4.87,82
2025-04-23 00:42:37,13.12,59.4,9.79,95
2025-04-23 00:42:38,13.31,62.05,44.01,148
2025-04-23 00:42:39,13.51,64.48,35.49,118
2025-04-23 00:42:40,13.59,64.64,25.24,121
2025-04-23 00:42:41,13.57,64.12,6.46,131
2025-04-23 00:42:42,13.55,64.0,12.0,116
2025-04-23 00:42:43,13.51,63.61,4.97,113
2025-04-23 00:42:44,13.49,63.0,11.78,119
2025-04-23 00:42:45,13.44,63.0,5.95,109
2025-04-23 00:42:46,13.41,63.0,7.33,124
2025-04-23 00:42:47,13.52,64.36,32.42,149
2025-04-23 00:42:48,13.57,64.01,15.57,134
2025-04-23 00:42:49,13.52,64.0,5.93,137
2025-04-23 00:42:50,13.55,64.0,33.36,125
2025-04-23 00:42:51,13.65,64.06,18.38,125
2025-04-23 00:42:52,13.68,64.0,19.74,130
2025-04-23 00:42:53,13.68,64.0,8.26,145
2025-04-23 00:42:54,13.73,64.0,26.27,149
2025-04-23 00:42:55,13.73,64.0,5.28,129
2025-04-23 00:42:56,13.71,64.0,14.72,114
2025-04-23 00:42:57,13.68,64.0,4.18,130
2025-04-23 00:42:58,13.63,63.33,6.44,111
2025-04-23 00:42:59,13.58,63.0,4.36,97
2025-04-23 00:43:00,13.58,63.0,19.3,96
2025-04-23 00:43:01,13.57,63.0,6.48,102
2025-04-23 00:43:02,13.55,62.95,9.32,96
2025-04-23 00:43:03,13.51,62.0,5.49,96
2025-04-23 00:43:04,13.5,62.0,13.08,111
2025-04-23 00:43:05,13.47,62.0,3.54,93
2025-04-23 00:43:06,13.44,61.72,8.07,104
2025-04-23 00:43:07,13.4,61.0,4.26,92
2025-04-23 00:43:08,13.37,61.0,6.98,95
2025-04-23 00:43:09,13.33,60.26,4.36,91
2025-04-23 00:43:10,13.32,60.0,13.02,105
2025-04-23 00:43:11,13.29,60.0,4.82,97
2025-04-23 00:43:12,13.29,60.0,19.69,87
2025-04-23 00:43:13,13.28,60.0,5.5,75
2025-04-23 00:43:14,13.27,60.0,10.66,97
2025-04-23 00:43:15,13.24,59.14,3.66,88
2025-04-23 00:43:16,13.21,59.0,7.44,82
2025-04-23 00:43:17,13.18,59.0,4.59,85
2025-04-23 00:43:18,13.15,59.0,7.74,71
2025-04-23 00:43:19,13.13,59.0,4.19,69
2025-04-23 00:43:20,13.12,59.0,15.91,76
2025-04-23 00:43:21,13.11,59.0,8.75,77
2025-04-23 00:43:22,13.1,58.48,7.39,50
2025-04-23 00:43:23,13.09,58.0,6.58,57
2025-04-23 00:43:24,13.08,58.0,13.3,62
2025-04-23 00:43:25,13.07,58.0,3.77,49
2025-04-23 00:43:26,13.05,58.0,5.38,36
2025-04-23 00:43:27,13.05,58.0,12.59,57
2025-04-23 00:43:28,13.07,58.0,20.8,81
2025-04-23 00:43:29,13.09,58.0,17.42,73
2025-04-23 00:43:30,13.09,58.0,23.38,70
2025-04-23 00:43:31,13.14,58.0,21.83,64
2025-04-23 00:43:32,13.16,58.0,25.26,66
2025-04-23 00:43:33,13.2,58.0,32.0,67
2025-04-23 00:43:34,13.28,58.89,33.03,72
2025-04-23 00:43:35,13.29,59.0,7.81,61
2025-04-23 00:43:36,13.3,59.0,14.62,74
2025-04-23 00:43:37,13.28,59.0,3.4,56
2025-04-23 00:43:38,13.25,58.14,8.5,66
2025-04-23 00:43:39,13.24,58.0,3.85,49
2025-04-23 00:43:40,13.23,58.0,14.35,54
2025-04-23 00:43:41,13.22,58.0,3.9,55
2025-04-23 00:43:42,13.21,58.0,10.21,50
2025-04-23 00:43:43,13.2,58.0,6.0,47
2025-04-23 00:43:44,13.18,58.0,5.97,34
2025-04-23 00:43:45,13.17,58.0,3.74,41
2025-04-23 00:43:46,13.16,58.0,6.89,24
2025-04-23 00:43:47,13.18,58.0,24.08,67
2025-04-23 00:43:48,13.21,58.0,22.64,67
2025-04-23 00:43:49,13.3,58.63,47.71,76
2025-04-23 00:43:50,13.35,59.0,23.08,84
2025-04-23 00:43:51,13.42,59.0,34.3,85
2025-04-23 00:43:52,13.45,59.0,19.98,97
2025-04-23 00:43:53,13.45,59.0,6.77,84
2025-04-23 00:43:54,13.44,59.0,11.4,85
2025-04-23 00:43:55,13.42,59.0,5.45,74
2025-04-23 00:43:56,13.39,59.0,5.45,93
2025-04-23 00:43:57,13.43,59.0,25.82,124
2025-04-23 00:43:58,13.48,59.79,23.0,115
2025-04-23 00:43:59,13.47,60.0,6.26,81
2025-04-23 00:44:00,13.49,60.07,41.54,108
2025-04-23 00:44:01,13.57,60.73,6.76,94
2025-04-23 00:44:02,13.55,60.0,13.78,110
2025-04-23 00:44:03,13.55,60.0,7.75,88
2025-04-23 00:44:04,13.53,60.0,12.33,88
2025-04-23 00:44:05,13.56,60.0,16.15,117
2025-04-23 00:44:06,13.53,60.0,7.41,92
2025-04-23 00:44:07,13.52,60.0,8.99,102
2025-04-23 00:44:08,13.49,60.0,10.38,86
2025-04-23 00:44:09,13.49,59.6,6.37,87
2025-04-23 00:44:10,13.46,59.0,10.8,81
2025-04-23 00:44:11,13.46,59.0,7.11,72
2025-04-23 00:44:12,13.44,59.0,9.23,65
2025-04-23 00:44:13,13.42,59.0,4.3,64
2025-04-23 00:44:14,13.4,59.0,5.98,76
2025-04-23 00:44:15,13.39,59.0,8.1,45
2025-04-23 00:44:16,13.37,59.0,6.2,45
2025-04-23 00:44:17,13.42,59.0,30.75,88
2025-04-23 00:44:18,13.46,59.0,27.04,77
2025-04-23 00:44:19,13.51,59.76,30.04,87
2025-04-23 00:44:20,13.55,60.0,26.14,110
2025-04-23 00:44:21,13.62,61.22,24.65,111
2025-04-23 00:44:22,13.61,61.0,7.99,91
2025-04-23 00:44:23,13.59,61.0,6.87,102
2025-04-23 00:44:24,13.56,61.0,6.86,110
2025-04-23 00:44:25,13.54,61.0,5.92,98
2025-04-23 00:44:26,13.51,60.26,5.88,87
2025-04-23 00:44:27,13.48,60.0,5.59,96
2025-04-23 00:44:28,13.47,60.0,11.61,87
2025-04-23 00:44:29,13.45,60.0,5.7,73
2025-04-23 00:44:30,13.43,60.0,8.2,65
2025-04-23 00:44:31,13.43,60.0,11.02,79
2025-04-23 00:44:32,13.44,60.0,30.22,69
2025-04-23 00:44:33,13.46,60.0,7.26,65
2025-04-23 00:44:34,13.45,60.0,11.59,58
2025-04-23 00:44:35,13.44,60.0,8.43,74
2025-04-23 00:44:36,13.43,60.0,8.47,61
2025-04-23 00:44:37,13.42,60.0,7.31,67
2025-04-23 00:44:38,13.4,59.76,7.69,55
2025-04-23 00:44:39,13.39,59.0,10.15,43
2025-04-23 00:44:40,13.4,59.29,36.31,56
2025-04-23 00:44:41,13.43,60.0,8.95,59
2025-04-23 00:44:42,13.42,60.0,12.09,48
2025-04-23 00:44:43,13.42,59.44,8.19,48
2025-04-23 00:44:44,13.41,59.0,8.35,53
2025-04-23 00:44:45,13.4,59.0,5.07,52
2025-04-23 00:44:46,13.38,59.0,6.24,54
2025-04-23 00:44:47,13.37,59.0,5.43,51
2025-04-23 00:44:48,13.35,59.0,5.86,43
2025-04-23 00:44:49,13.34,59.0,4.8,44
2025-04-23 00:44:50,13.33,59.0,10.2,51
2025-04-23 00:44:51,13.33,59.0,4.85,44
2025-04-23 00:44:52,13.31,59.0,7.4,54
2025-04-23 00:44:53,13.3,59.0,5.87,51
2025-04-23 00:44:54,13.29,59.0,6.47,51
2025-04-23 00:44:55,13.28,59.0,9.93,54
2025-04-23 00:44:56,13.27,58.7,3.92,44
2025-04-23 00:44:57,13.3,58.84,30.44,76
2025-04-23 00:44:58,13.34,59.63,26.07,76
2025-04-23 00:44:59,13.47,60.58,72.72,89
2025-04-23 00:45:00,13.54,61.0,22.11,89
2025-04-23 00:45:01,13.55,61.0,8.54,72
2025-04-23 00:45:02,13.52,60.65,6.27,100
2025-04-23 00:45:03,13.52,60.0,12.59,80
2025-04-23 00:45:04,13.5,60.0,5.99,73
2025-04-23 00:45:05,13.48,60.0,6.66,86
2025-04-23 00:45:06,13.46,60.0,6.57,69
2025-04-23 00:45:07,13.57,61.21,51.96,139
2025-04-23 00:45:08,13.7,62.57,40.9,115
2025-04-23 00:45:09,13.98,63.96,104.21,140
2025-04-23 00:45:10,14.2,65.0,21.02,153
2025-04-23 00:45:11,14.2,64.96,8.7,115
2025-04-23 00:45:12,14.16,64.0,5.42,138
2025-04-23 00:45:13,14.15,64.0,15.51,137
2025-04-23 00:45:14,14.13,64.0,6.03,131
2025-04-23 00:45:15,14.12,64.0,10.9,154
2025-04-23 00:45:16,14.08,64.0,5.12,126
2025-04-23 00:45:17,14.06,63.38,10.08,130
2025-04-23 00:45:18,14.03,63.0,7.16,116
2025-04-23 00:45:19,14.03,63.0,16.36,129
2025-04-23 00:45:20,14.01,63.0,5.81,120
2025-04-23 00:45:21,14.0,63.0,13.14,130
2025-04-23 00:45:22,13.98,63.0,9.05,103
2025-04-23 00:45:23,13.98,63.0,12.83,103
2025-04-23 00:45:24,13.96,62.83,4.58,118
2025-04-23 00:45:25,13.93,62.0,6.34,111
2025-04-23 00:45:26,13.9,62.0,3.73,93
2025-04-23 00:45:27,13.87,62.0,5.76,87
2025-04-23 00:45:28,13.85,62.0,4.07,90
2025-04-23 00:45:29,13.85,62.0,26.69,76
2025-04-23 00:45:30,13.85,62.0,6.98,74
2025-04-23 00:45:31,13.84,62.0,6.31,65
2025-04-23 00:45:32,13.83,61.96,7.26,67
2025-04-23 00:45:33,13.81,61.0,7.63,64
2025-04-23 00:45:34,13.8,61.0,3.64,62
2025-04-23 00:45:35,13.78,61.0,7.96,74
2025-04-23 00:45:36,13.77,61.0,6.81,71
2025-04-23 00:45:37,13.75,61.0,6.41,52
2025-04-23 00:45:38,13.74,61.0,4.66,59
2025-04-23 00:45:39,13.72,61.0,10.25,52
2025-04-23 00:45:40,13.72,61.0,7.16,65
2025-04-23 00:45:41,13.71,61.0,10.85,48
2025-04-23 00:45:42,13.7,61.0,6.64,49
2025-04-23 00:45:43,13.69,60.02,6.53,46
2025-04-23 00:45:44,13.68,60.0,4.07,29
2025-04-23 00:45:45,13.67,60.0,4.46,44
2025-04-23 00:45:46,13.66,60.0,3.85,36
2025-04-23 00:45:47,13.88,61.76,140.85,123
2025-04-23 00:45:48,14.27,64.22,82.32,135
2025-04-23 00:45:49,14.71,66.88,137.06,157
2025-04-23 00:45:50,15.72,70.18,256.85,202
2025-04-23 00:45:51,17.01,73.5,203.34,200
2025-04-23 00:45:52,17.85,76.07,101.13,223
2025-04-23 00:45:53,18.61,79.99,157.07,293
2025-04-23 00:45:54,19.61,86.02,95.5,294
2025-04-23 00:45:55,20.18,89.69,160.74,234
2025-04-23 00:45:56,21.75,98.5,146.56,334
2025-04-23 00:45:57,22.62,104.73,273.16,188
2025-04-23 00:45:58,24.71,120.66,466.76,228
2025-04-23 00:45:59,27.43,135.22,631.01,161
2025-04-23 00:46:00,33.1,164.84,814.65,335
2025-04-23 00:46:01,37.36,196.23,545.6,175
2025-04-23 00:46:02,39.94,214.32,917.34,111
2025-04-23 00:46:03,45.07,236.67,1048.0,279
2025-04-23 00:46:04,51.13,273.8,354.33,334
2025-04-23 00:46:05,52.65,292.05,443.88,156
2025-04-23 00:46:06,54.22,325.69,219.28,246
2025-04-23 00:46:08,57.48,372.39,399.9,356
2025-04-23 00:46:09,58.51,380.0,11.29,183
2025-04-23 00:46:10,58.35,380.0,38.45,218
2025-04-23 00:46:11,58.19,380.0,15.29,134
2025-04-23 00:46:12,58.77,382.04,409.92,152
2025-04-23 00:46:13,60.69,401.95,692.31,149
2025-04-23 00:46:14,63.7,431.15,474.57,270
2025-04-23 00:46:15,64.72,440.0,17.23,160
2025-04-23 00:46:16,64.53,440.0,26.21,154
2025-04-23 00:46:17,64.34,440.0,4.52,155
2025-04-23 00:46:18,64.12,440.0,6.54,141
2025-04-23 00:46:19,63.91,436.19,4.17,139
2025-04-23 00:46:20,63.73,430.0,19.46,111
2025-04-23 00:46:21,63.61,430.0,16.64,147
2025-04-23 00:46:22,63.44,430.0,11.7,121
2025-04-23 00:46:23,63.27,430.0,16.7,145
2025-04-23 00:46:24,63.09,430.0,9.05,151
2025-04-23 00:46:25,62.91,430.0,6.14,112
2025-04-23 00:46:26,62.74,430.0,11.6,137
2025-04-23 00:46:27,62.57,421.81,6.19,127
2025-04-23 00:46:28,62.41,420.0,11.04,122
2025-04-23 00:46:29,62.26,420.0,4.37,104
2025-04-23 00:46:30,62.11,420.0,8.44,102
2025-04-23 00:46:31,61.99,420.0,7.2,88
2025-04-23 00:46:32,61.89,420.0,17.1,72
2025-04-23 00:46:33,61.8,420.0,10.27,90
2025-04-23 00:46:34,61.7,420.0,19.05,90
2025-04-23 00:46:35,61.59,420.0,6.38,82
2025-04-23 00:46:36,61.49,420.0,5.22,78
2025-04-23 00:46:37,61.41,420.0,31.63,131
2025-04-23 00:46:38,61.32,420.0,35.62,132
2025-04-23 00:46:39,61.23,420.0,28.31,134
2025-04-23 00:46:40,61.13,420.0,33.05,147
2025-04-23 00:46:41,60.96,410.29,4.58,139
2025-04-23 00:46:42,60.8,410.0,20.06,137
2025-04-23 00:46:43,60.67,410.0,12.38,130
2025-04-23 00:46:44,60.51,410.0,8.81,134
2025-04-23 00:46:45,60.35,410.0,5.87,128
2025-04-23 00:46:46,60.17,410.0,6.21,146
2025-04-23 00:46:47,60.0,410.0,4.22,134
2025-04-23 00:46:48,59.83,410.0,10.26,137
2025-04-23 00:46:49,59.67,410.0,4.44,124
2025-04-23 00:46:50,59.51,407.04,11.74,135
2025-04-23 00:46:51,59.37,400.0,7.6,138
2025-04-23 00:46:52,59.21,400.0,16.49,124
2025-04-23 00:46:53,59.1,400.0,13.96,130
2025-04-23 00:46:54,58.95,400.0,7.45,129
2025-04-23 00:46:55,58.78,400.0,5.47,162
2025-04-23 00:46:56,58.6,400.0,5.55,129
2025-04-23 00:46:57,58.48,400.0,23.97,173
2025-04-23 00:46:58,58.32,397.72,6.98,123
2025-04-23 00:46:59,58.15,390.0,6.01,163
2025-04-23 00:47:00,57.98,390.0,15.33,149
2025-04-23 00:47:01,57.83,390.0,7.55,153
2025-04-23 00:47:02,57.69,390.0,18.63,140
2025-04-23 00:47:03,57.55,390.0,12.87,144
2025-04-23 00:47:04,57.4,386.2,10.45,166
2025-04-23 00:47:05,57.24,380.0,4.51,133
2025-04-23 00:47:06,57.07,380.0,6.38,151
2025-04-23 00:47:07,56.9,380.0,4.31,159
2025-04-23 00:47:08,56.74,380.0,7.37,133
2025-04-23 00:47:09,56.6,380.0,4.65,116
2025-04-23 00:47:10,56.48,380.0,12.74,116
2025-04-23 00:47:11,56.37,380.0,5.15,111
2025-04-23 00:47:12,56.24,380.0,11.08,125
2025-04-23 00:47:13,56.13,380.0,6.44,94
2025-04-23 00:47:14,56.04,380.0,33.15,117
2025-04-23 00:47:15,55.98,380.0,17.94,126
2025-04-23 00:47:16,55.86,380.0,7.1,127
2025-04-23 00:47:17,55.77,380.0,31.54,158
2025-04-23 00:47:18,55.65,372.33,11.25,133
2025-04-23 00:47:19,55.52,370.0,5.75,125
2025-04-23 00:47:20,55.39,370.0,12.5,135
2025-04-23 00:47:21,55.26,370.0,6.24,140
2025-04-23 00:47:22,55.12,370.0,15.34,128
2025-04-23 00:47:23,55.02,370.0,9.08,128
2025-04-23 00:47:24,54.9,370.0,8.03,124
2025-04-23 00:47:25,54.78,370.0,11.52,148
2025-04-23 00:47:26,54.64,370.0,12.12,135
2025-04-23 00:47:27,54.8,369.15,123.41,235
2025-04-23 00:47:28,55.11,360.0,105.91,247
2025-04-23 00:47:29,55.45,360.0,189.04,232
2025-04-23 00:47:30,55.99,363.48,423.43,66
2025-04-23 00:47:31,58.15,378.06,754.29,222
2025-04-23 00:47:32,59.8,390.0,823.67,70
2025-04-23 00:47:33,66.41,415.28,1573.07,362
2025-04-23 00:47:34,80.95,461.7,2430.71,389
2025-04-23 00:47:35,93.22,516.91,922.17,330
2025-04-23 00:47:36,95.45,531.88,128.23,330
2025-04-23 00:47:37,95.83,530.0,264.45,226
2025-04-23 00:47:38,96.48,530.0,251.21,243
2025-04-23 00:47:39,98.36,545.65,612.29,310
2025-04-23 00:47:40,100.83,569.7,230.72,366
2025-04-23 00:47:41,100.86,570.0,71.81,281
2025-04-23 00:47:42,100.56,565.65,11.62,223
2025-04-23 00:47:43,100.79,560.0,336.16,199
2025-04-23 00:47:44,101.79,560.0,409.24,203
2025-04-23 00:47:45,103.64,574.71,539.93,272
2025-04-23 00:47:46,104.68,580.0,61.62,240
2025-04-23 00:47:47,104.34,575.44,86.28,237
2025-04-23 00:47:48,104.4,570.0,100.55,275
2025-04-23 00:47:49,104.59,570.0,111.08,355
2025-04-23 00:47:50,104.24,570.0,16.35,228
2025-04-23 00:47:51,104.05,570.0,67.44,313
2025-04-23 00:47:52,103.67,560.84,17.67,250
2025-04-23 00:47:53,103.34,560.0,35.53,290
2025-04-23 00:47:54,102.88,560.0,9.06,283
2025-04-23 00:47:55,102.53,560.0,80.0,264
2025-04-23 00:47:56,102.29,560.0,9.24,288
2025-04-23 00:47:57,101.93,556.33,66.48,294
2025-04-23 00:47:58,101.72,550.0,22.62,228
2025-04-23 00:47:59,101.55,550.0,194.46,105
2025-04-23 00:48:00,102.52,558.67,640.63,181
2025-04-23 00:48:01,104.75,577.04,427.98,311
2025-04-23 00:48:02,105.13,580.0,76.63,147
2025-04-23 00:48:03,105.03,580.0,38.95,190
2025-04-23 00:48:04,104.75,580.0,11.18,193
2025-04-23 00:48:05,104.6,580.0,81.38,216
2025-04-23 00:48:06,104.34,572.07,6.63,198
2025-04-23 00:48:07,104.02,570.0,13.65,188
2025-04-23 00:48:08,103.72,570.0,6.25,196
2025-04-23 00:48:10,103.26,570.0,9.9,172
2025-04-23 00:48:11,102.99,570.0,9.79,161
2025-04-23 00:48:12,102.77,570.0,20.61,159
2025-04-23 00:48:13,102.52,566.69,10.69,151
2025-04-23 00:48:14,102.3,560.0,8.84,150
2025-04-23 00:48:15,102.06,560.0,7.45,147
2025-04-23 00:48:16,101.84,560.0,20.51,153
2025-04-23 00:48:17,101.64,560.0,11.82,121
2025-04-23 00:48:18,101.57,560.0,77.22,234
2025-04-23 00:48:19,101.36,560.0,13.79,130
2025-04-23 00:48:20,101.23,560.0,45.57,172
2025-04-23 00:48:21,100.99,560.0,11.38,162
2025-04-23 00:48:22,100.81,560.0,44.59,185
2025-04-23 00:48:23,100.6,552.5,16.96,144
2025-04-23 00:48:24,100.45,550.0,43.2,167
2025-04-23 00:48:25,100.22,550.0,9.09,170
2025-04-23 00:48:26,99.97,550.0,8.16,165
2025-04-23 00:48:27,99.72,550.0,12.68,168
2025-04-23 00:48:28,99.54,550.0,21.62,139
2025-04-23 00:48:29,99.34,550.0,7.61,135
2025-04-23 00:48:30,99.15,550.0,20.04,150
2025-04-23 00:48:31,98.96,550.0,9.0,113
2025-04-23 00:48:32,98.81,546.07,9.74,107
2025-04-23 00:48:33,98.66,540.0,7.21,93
2025-04-23 00:48:34,98.53,540.0,8.73,89
2025-04-23 00:48:35,98.39,540.0,4.81,104
2025-04-23 00:48:36,98.24,540.0,8.82,107
2025-04-23 00:48:37,98.24,540.0,119.71,169
2025-04-23 00:48:38,98.41,540.0,192.62,184
2025-04-23 00:48:39,98.54,540.0,91.65,207
2025-04-23 00:48:40,98.58,534.88,119.73,215
2025-04-23 00:48:41,98.5,530.0,51.12,218
2025-04-23 00:48:42,98.65,530.0,186.67,276
2025-04-23 00:48:43,98.63,530.0,16.03,183
2025-04-23 00:48:44,98.76,530.0,161.94,259
2025-04-23 00:48:45,98.66,525.19,39.91,181
2025-04-23 00:48:46,98.63,520.0,71.32,253
2025-04-23 00:48:47,98.63,520.0,130.95,340
2025-04-23 00:48:48,98.57,520.0,31.11,259
2025-04-23 00:48:49,98.31,512.56,41.54,238
2025-04-23 00:48:50,98.07,510.0,26.81,252
2025-04-23 00:48:51,97.76,510.0,10.99,255
2025-04-23 00:48:52,97.63,510.0,83.41,260
2025-04-23 00:48:53,97.4,505.94,23.63,229
2025-04-23 00:48:54,97.21,500.0,46.45,306
2025-04-23 00:48:55,96.91,500.0,14.54,237
2025-04-23 00:48:56,96.67,500.0,31.85,272
2025-04-23 00:48:57,96.34,500.0,13.9,248
2025-04-23 00:48:58,96.33,500.0,106.99,263
2025-04-23 00:48:59,96.18,500.0,59.33,222
2025-04-23 00:49:00,96.17,500.0,88.6,251
2025-04-23 00:49:01,95.97,500.0,19.3,199
2025-04-23 00:49:02,95.78,500.0,26.61,221
2025-04-23 00:49:03,95.54,500.0,9.77,186
2025-04-23 00:49:04,95.38,495.0,50.85,204
2025-04-23 00:49:05,95.18,490.0,9.5,175
2025-04-23 00:49:06,94.97,490.0,7.44,178
2025-04-23 00:49:07,94.76,490.0,19.36,189
2025-04-23 00:49:08,94.86,490.0,207.88,263
2025-04-23 00:49:09,94.99,490.0,22.0,157
2025-04-23 00:49:10,94.9,490.0,75.9,206
2025-04-23 00:49:11,94.77,490.0,20.05,174
2025-04-23 00:49:12,94.61,490.0,43.82,206
2025-04-23 00:49:13,94.4,490.0,6.97,197
2025-04-23 00:49:14,94.19,481.73,18.48,191
2025-04-23 00:49:15,93.94,480.0,12.09,226
2025-04-23 00:49:16,93.76,480.0,36.76,190
2025-04-23 00:49:17,93.56,480.0,15.84,182
2025-04-23 00:49:18,93.39,480.0,21.06,192
2025-04-23 00:49:19,93.19,480.0,10.46,148
2025-04-23 00:49:20,93.08,480.0,62.67,147
2025-04-23 00:49:21,92.97,480.0,15.41,141
2025-04-23 00:49:22,92.82,480.0,15.83,134
2025-04-23 00:49:23,92.67,471.64,6.51,134
2025-04-23 00:49:24,92.53,470.0,9.73,118
2025-04-23 00:49:25,92.38,470.0,5.45,130
2025-04-23 00:49:26,92.24,470.0,17.78,139
2025-04-23 00:49:27,92.13,470.0,59.47,212
2025-04-23 00:49:28,92.15,470.0,117.58,234
2025-04-23 00:49:29,92.18,470.0,106.7,221
2025-04-23 00:49:30,92.38,470.0,289.81,204
2025-04-23 00:49:31,93.28,478.48,268.5,309
2025-04-23 00:49:32,93.49,480.0,134.83,210
2025-04-23 00:49:33,93.49,480.0,26.76,231
2025-04-23 00:49:34,93.56,473.51,236.46,228
2025-04-23 00:49:35,93.72,470.0,28.85,290
2025-04-23 00:49:36,93.48,470.0,39.3,245
2025-04-23 00:49:37,93.26,470.0,7.49,218
2025-04-23 00:49:38,93.15,470.0,95.44,229
2025-04-23 00:49:39,93.03,470.0,9.78,203
2025-04-23 00:49:40,92.95,470.0,115.81,216
2025-04-23 00:49:41,92.93,470.0,28.04,161
2025-04-23 00:49:42,92.8,470.0,61.7,171
2025-04-23 00:49:43,92.74,463.76,40.09,157
2025-04-23 00:49:44,92.61,460.0,23.22,153
2025-04-23 00:49:45,92.47,460.0,13.43,137
2025-04-23 00:49:46,92.34,460.0,19.55,117
2025-04-23 00:49:47,92.25,460.0,53.32,205
2025-04-23 00:49:48,92.23,460.0,140.0,195
2025-04-23 00:49:49,92.38,460.0,172.04,242
2025-04-23 00:49:50,92.57,460.0,174.39,110
2025-04-23 00:49:51,92.93,460.0,156.32,269
2025-04-23 00:49:52,92.93,460.0,147.3,207
2025-04-23 00:49:53,92.95,460.0,26.01,203
2025-04-23 00:49:54,92.8,460.0,54.19,172
2025-04-23 00:49:55,92.77,460.0,64.1,263
2025-04-23 00:49:56,92.58,460.0,14.06,195
2025-04-23 00:49:57,92.45,459.77,82.95,301
2025-04-23 00:49:58,92.35,450.0,21.67,212
2025-04-23 00:49:59,92.24,450.0,49.52,251
2025-04-23 00:50:00,92.05,450.0,86.01,190
2025-04-23 00:50:01,92.27,450.0,128.79,282
2025-04-23 00:50:03,92.43,450.0,160.53,311
2025-04-23 00:50:04,92.35,450.0,30.06,214
2025-04-23 00:50:05,92.39,450.0,99.38,295
2025-04-23 00:50:06,92.27,450.0,71.76,201
2025-04-23 00:50:07,92.25,450.0,57.21,280
2025-04-23 00:50:08,92.04,443.24,17.35,213
2025-04-23 00:50:09,91.89,440.0,28.61,209
2025-04-23 00:50:10,91.7,440.0,22.84,186
2025-04-23 00:50:11,91.55,440.0,21.2,195
2025-04-23 00:50:12,91.38,440.0,25.52,197
2025-04-23 00:50:13,91.25,440.0,37.32,211
2025-04-23 00:50:14,91.1,440.0,34.81,179
2025-04-23 00:50:15,91.0,440.0,37.54,200
2025-04-23 00:50:16,90.85,440.0,20.74,183
2025-04-23 00:50:17,90.73,440.0,36.95,218
2025-04-23 00:50:18,90.56,440.0,9.03,153
2025-04-23 00:50:19,90.41,440.0,13.77,179
2025-04-23 00:50:20,90.25,440.0,19.69,161
2025-04-23 00:50:21,90.11,440.0,10.49,182
2025-04-23 00:50:22,89.95,440.0,27.93,142
2025-04-23 00:50:23,89.87,440.0,40.47,189
2025-04-23 00:50:24,89.74,440.0,21.83,157
2025-04-23 00:50:25,89.65,440.0,41.15,151
2025-04-23 00:50:26,89.53,440.0,35.23,171
2025-04-23 00:50:27,89.44,430.55,62.79,236
2025-04-23 00:50:28,89.33,430.0,29.08,203
2025-04-23 00:50:29,89.23,430.0,44.47,189
2025-04-23 00:50:30,89.12,430.0,50.33,130
2025-04-23 00:50:31,89.5,430.0,280.21,256
2025-04-23 00:50:32,89.64,430.0,60.58,189
2025-04-23 00:50:33,89.63,430.0,139.54,145
2025-04-23 00:50:34,89.81,430.0,173.59,189
2025-04-23 00:50:35,90.22,434.73,509.0,150
2025-04-23 00:50:36,90.83,440.0,250.19,218
2025-04-23 00:50:37,91.16,440.0,181.7,228
2025-04-23 00:50:38,91.17,440.0,21.63,160
2025-04-23 00:50:39,91.04,440.0,23.35,181
2025-04-23 00:50:40,90.89,440.0,21.97,174
2025-04-23 00:50:41,90.78,440.0,27.33,176
2025-04-23 00:50:42,90.64,440.0,9.85,138
2025-04-23 00:50:43,90.52,440.0,19.76,150
2025-04-23 00:50:44,90.4,439.38,18.29,129
2025-04-23 00:50:45,90.37,430.0,81.91,151
2025-04-23 00:50:46,90.29,430.0,18.5,111
2025-04-23 00:50:47,90.21,430.0,42.86,147
2025-04-23 00:50:48,90.12,430.0,77.69,173
2025-04-23 00:50:49,90.1,430.0,42.62,179
2025-04-23 00:50:50,90.0,430.0,37.9,151
2025-04-23 00:50:51,89.93,430.0,45.29,174
2025-04-23 00:50:52,89.82,430.0,16.46,159
2025-04-23 00:50:53,89.69,430.0,22.32,177
2025-04-23 00:50:54,89.54,430.0,8.75,160
2025-04-23 00:50:55,89.4,430.0,15.21,165
2025-04-23 00:50:56,89.27,430.0,19.8,176
2025-04-23 00:50:57,89.23,430.0,101.79,214
2025-04-23 00:50:58,89.17,430.0,8.98,141
2025-04-23 00:50:59,89.04,430.0,20.85,196
2025-04-23 00:51:00,88.89,430.0,12.62,163
2025-04-23 00:51:01,88.76,430.0,22.37,197
2025-04-23 00:51:02,88.61,429.35,16.05,169
2025-04-23 00:51:03,88.49,420.0,18.74,174
2025-04-23 00:51:04,88.34,420.0,8.98,178
2025-04-23 00:51:05,88.19,420.0,18.36,201
2025-04-23 00:51:06,88.04,420.0,19.63,170
2025-04-23 00:51:07,87.93,420.0,23.43,186
2025-04-23 00:51:08,87.78,420.0,10.67,172
2025-04-23 00:51:09,87.65,420.0,11.54,168
2025-04-23 00:51:10,87.51,420.0,9.99,146
2025-04-23 00:51:11,87.41,420.0,28.15,177
2025-04-23 00:51:12,87.27,420.0,8.09,160
2025-04-23 00:51:13,87.15,420.0,18.81,173
2025-04-23 00:51:14,87.01,420.0,6.39,161
2025-04-23 00:51:15,86.88,420.0,13.59,176
2025-04-23 00:51:16,86.74,420.0,8.45,154
2025-04-23 00:51:17,86.63,420.0,33.5,165
2025-04-23 00:51:18,86.52,420.0,7.98,155
2025-04-23 00:51:19,86.4,420.0,17.21,149
2025-04-23 00:51:20,86.3,420.0,6.27,118
2025-04-23 00:51:21,86.2,420.0,10.27,110
2025-04-23 00:51:22,86.12,419.8,5.76,98
2025-04-23 00:51:23,86.03,410.0,8.73,122
2025-04-23 00:51:24,85.93,410.0,4.02,109
2025-04-23 00:51:25,85.85,410.0,7.59,92
2025-04-23 00:51:26,85.77,410.0,8.68,94
2025-04-23 00:51:27,86.0,417.65,207.24,268
2025-04-23 00:51:28,86.02,420.0,53.43,158
2025-04-23 00:51:29,85.98,414.75,52.75,200
2025-04-23 00:51:30,85.89,410.0,7.64,144
2025-04-23 00:51:31,85.77,410.0,18.65,195
2025-04-23 00:51:32,85.62,410.0,12.51,203
2025-04-23 00:51:33,85.48,410.0,15.23,187
2025-04-23 00:51:34,85.33,410.0,6.32,179
2025-04-23 00:51:35,85.2,410.0,8.46,161
2025-04-23 00:51:36,85.06,410.0,8.72,182
2025-04-23 00:51:37,84.95,410.0,38.99,164
2025-04-23 00:51:38,84.85,410.0,11.22,160
2025-04-23 00:51:39,84.74,410.0,20.6,170
2025-04-23 00:51:40,84.62,410.0,10.7,158
2025-04-23 00:51:41,84.5,410.0,13.14,176
2025-04-23 00:51:42,84.38,410.0,6.48,138
2025-04-23 00:51:43,84.28,410.0,25.89,186
2025-04-23 00:51:44,84.15,410.0,6.15,160
2025-04-23 00:51:45,84.03,410.0,14.0,163
2025-04-23 00:51:46,83.91,404.51,5.32,153
2025-04-23 00:51:47,83.82,400.0,31.32,161
2025-04-23 00:51:48,83.7,400.0,10.95,170
2025-04-23 00:51:49,83.59,400.0,31.7,178
2025-04-23 00:51:50,83.49,400.0,7.11,152
2025-04-23 00:51:51,83.4,400.0,33.83,168
2025-04-23 00:51:52,83.28,400.0,5.48,166
2025-04-23 00:51:53,83.17,400.0,19.64,165
2025-04-23 00:51:54,83.04,400.0,4.24,182
2025-04-23 00:51:55,82.92,400.0,9.85,153
2025-04-23 00:51:56,82.79,400.0,5.16,171
2025-04-23 00:51:57,82.69,400.0,28.27,151
2025-04-23 00:51:58,82.59,400.0,8.59,150
2025-04-23 00:51:59,82.5,400.0,35.8,133
2025-04-23 00:52:00,82.43,400.0,6.58,101
2025-04-23 00:52:01,82.36,400.0,11.08,117
2025-04-23 00:52:02,82.27,400.0,5.31,108
2025-04-23 00:52:03,82.19,397.63,10.86,118
2025-04-23 00:52:04,82.1,390.0,4.63,120
2025-04-23 00:52:05,82.01,390.0,6.98,122
2025-04-23 00:52:06,81.92,390.0,43.49,147
2025-04-23 00:52:07,81.91,390.0,76.58,179
2025-04-23 00:52:08,81.87,390.0,56.38,229
2025-04-23 00:52:09,81.8,390.0,37.5,154
2025-04-23 00:52:10,81.83,390.0,98.69,223
2025-04-23 00:52:11,81.81,390.0,68.22,253
2025-04-23 00:52:12,81.71,390.0,10.68,205
2025-04-23 00:52:13,81.58,390.0,25.17,211
2025-04-23 00:52:14,81.44,390.0,4.65,222
2025-04-23 00:52:15,81.29,390.0,10.9,202
2025-04-23 00:52:16,81.14,390.0,8.75,234
2025-04-23 00:52:17,81.01,390.0,30.08,151
2025-04-23 00:52:18,80.93,390.0,12.4,194
2025-04-23 00:52:19,80.82,390.0,42.73,161
2025-04-23 00:52:20,80.76,382.54,27.91,177
2025-04-23 00:52:21,80.66,380.0,11.97,144
2025-04-23 00:52:22,80.57,380.0,5.48,127
2025-04-23 00:52:23,80.48,380.0,12.43,149
2025-04-23 00:52:24,80.38,380.0,6.2,136
2025-04-23 00:52:25,80.28,380.0,8.59,164
2025-04-23 00:52:26,80.17,380.0,4.41,146
2025-04-23 00:52:27,80.06,380.0,6.19,147
2025-04-23 00:52:28,79.97,380.0,9.42,144
2025-04-23 00:52:29,79.88,380.0,25.6,128
2025-04-23 00:52:30,79.81,380.0,15.29,130
2025-04-23 00:52:31,79.73,380.0,14.19,121
2025-04-23 00:52:32,79.66,380.0,12.27,110
2025-04-23 00:52:33,79.59,380.0,7.91,118
2025-04-23 00:52:34,79.51,380.0,4.99,112
2025-04-23 00:52:35,79.44,380.0,7.01,95
2025-04-23 00:52:36,79.36,380.0,13.37,129
2025-04-23 00:52:37,79.3,380.0,7.31,89
2025-04-23 00:52:38,79.27,380.0,53.79,140
2025-04-23 00:52:39,79.19,380.0,11.26,115
2025-04-23 00:52:40,79.13,380.0,19.38,115
2025-04-23 00:52:41,79.06,380.0,23.03,116
2025-04-23 00:52:42,79.0,380.0,7.72,118
2025-04-23 00:52:43,78.92,380.0,8.03,115
2025-04-23 00:52:44,78.85,380.0,7.59,111
2025-04-23 00:52:45,78.77,380.0,6.56,110
2025-04-23 00:52:46,78.69,380.0,5.39,125
2025-04-23 00:52:47,78.61,380.0,11.97,108
2025-04-23 00:52:48,78.55,380.0,4.81,105
2025-04-23 00:52:49,78.48,380.0,6.7,90
2025-04-23 00:52:50,78.42,378.75,18.54,104
2025-04-23 00:52:51,78.37,370.0,15.76,93
2025-04-23 00:52:52,78.31,370.0,8.59,108
2025-04-23 00:52:53,78.24,370.0,6.27,84
2025-04-23 00:52:54,78.18,370.0,6.66,105
2025-04-23 00:52:55,78.11,370.0,5.25,95
2025-04-23 00:52:56,78.05,370.0,8.13,120
2025-04-23 00:52:57,78.02,370.0,71.28,169
2025-04-23 00:52:58,78.03,370.0,80.48,199
2025-04-23 00:52:59,78.05,370.0,101.1,193
2025-04-23 00:53:00,78.12,370.0,108.8,250
2025-04-23 00:53:01,78.27,370.0,182.34,266
2025-04-23 00:53:02,78.45,370.0,322.04,87
2025-04-23 00:53:03,79.32,377.39,797.53,276
2025-04-23 00:53:04,81.38,390.95,855.9,253
2025-04-23 00:53:06,82.56,400.0,63.33,287
2025-04-23 00:53:07,82.6,400.0,136.84,345
2025-04-23 00:53:08,82.92,403.57,252.91,384
2025-04-23 00:53:09,83.15,410.0,18.59,277
2025-04-23 00:53:10,83.12,410.0,91.69,331
2025-04-23 00:53:11,83.08,410.0,102.34,258
2025-04-23 00:53:12,83.55,410.0,511.73,213
2025-04-23 00:53:13,84.66,419.32,308.46,456
2025-04-23 00:53:14,84.85,420.0,54.37,327
2025-04-23 00:53:15,84.69,420.0,13.44,277
2025-04-23 00:53:16,84.63,420.0,71.75,356
2025-04-23 00:53:17,84.6,420.0,150.74,390
2025-04-23 00:53:18,84.91,420.0,114.88,380
2025-04-23 00:53:19,84.79,420.0,10.4,308
2025-04-23 00:53:20,84.68,420.0,136.59,109
2025-04-23 00:53:21,85.78,425.75,496.02,518
2025-04-23 00:53:22,86.77,431.75,424.21,183
2025-04-23 00:53:23,87.97,445.8,498.35,443
2025-04-23 00:53:24,88.98,450.0,340.85,297
2025-04-23 00:53:25,89.42,450.0,97.88,424
2025-04-23 00:53:26,89.37,450.0,101.45,369
2025-04-23 00:53:27,89.27,450.0,15.79,359
2025-04-23 00:53:28,89.05,450.0,17.74,322
2025-04-23 00:53:29,88.86,450.0,9.69,294
2025-04-23 00:53:30,88.79,450.0,121.83,280
2025-04-23 00:53:31,88.75,450.0,21.97,332
2025-04-23 00:53:32,88.68,450.0,127.82,279
2025-04-23 00:53:33,88.74,442.16,67.82,292
2025-04-23 00:53:34,88.67,440.0,85.18,296
2025-04-23 00:53:35,88.57,440.0,9.59,333
2025-04-23 00:53:36,88.37,440.0,14.35,290
2025-04-23 00:53:37,88.19,440.0,5.8,280
2025-04-23 00:53:38,88.03,440.0,25.91,270
2025-04-23 00:53:39,87.88,440.0,7.91,243
2025-04-23 00:53:40,87.73,440.0,27.64,240
2025-04-23 00:53:41,87.62,440.0,10.05,207
2025-04-23 00:53:42,87.5,440.0,26.98,211
2025-04-23 00:53:43,87.38,440.0,13.7,209
2025-04-23 00:53:44,87.28,440.0,49.87,178
2025-04-23 00:53:45,87.2,440.0,5.59,196
2025-04-23 00:53:46,87.07,440.0,8.9,199
2025-04-23 00:53:47,86.94,440.0,4.9,197
2025-04-23 00:53:48,86.82,440.0,11.6,180
2025-04-23 00:53:49,86.71,440.0,5.07,174
2025-04-23 00:53:50,86.6,440.0,16.65,168
2025-04-23 00:53:51,86.5,440.0,5.72,157
2025-04-23 00:53:52,86.42,440.0,19.74,134
2025-04-23 00:53:53,86.34,432.09,8.31,139
2025-04-23 00:53:54,86.25,430.0,6.45,127
2025-04-23 00:53:55,86.17,430.0,5.05,141
2025-04-23 00:53:56,86.08,430.0,25.21,132
2025-04-23 00:53:57,86.03,430.0,35.86,108
2025-04-23 00:53:58,86.02,430.0,90.43,240
2025-04-23 00:53:59,85.97,430.0,38.76,189
2025-04-23 00:54:00,85.91,430.0,44.18,134
2025-04-23 00:54:01,85.86,430.0,20.45,202
2025-04-23 00:54:02,85.75,430.0,25.61,187
2025-04-23 00:54:03,85.66,430.0,8.13,179
2025-04-23 00:54:04,85.54,430.0,6.91,183
2025-04-23 00:54:05,85.44,430.0,5.97,151
2025-04-23 00:54:06,85.36,430.0,30.71,185
2025-04-23 00:54:07,85.26,430.0,16.46,190
2025-04-23 00:54:08,85.16,430.0,8.06,147
2025-04-23 00:54:09,85.07,430.0,4.78,143
2025-04-23 00:54:10,84.99,430.0,19.83,125
2025-04-23 00:54:11,84.92,430.0,15.07,180
2025-04-23 00:54:12,84.82,430.0,13.59,154
2025-04-23 00:54:13,84.73,430.0,6.15,152
2025-04-23 00:54:14,84.65,430.0,29.41,137
2025-04-23 00:54:15,84.59,430.0,19.71,154
2025-04-23 00:54:16,84.5,430.0,8.64,145
2025-04-23 00:54:17,84.42,429.33,6.57,134
2025-04-23 00:54:18,84.34,420.0,9.22,124
2025-04-23 00:54:19,84.27,420.0,9.94,123
2025-04-23 00:54:20,84.21,420.0,39.82,93
2025-04-23 00:54:21,84.21,420.0,61.0,122
2025-04-23 00:54:22,84.15,420.0,8.51,102
2025-04-23 00:54:23,84.1,420.0,6.81,94
2025-04-23 00:54:24,84.04,420.0,9.53,89
2025-04-23 00:54:25,83.99,420.0,16.51,108
2025-04-23 00:54:26,83.93,420.0,22.32,112
2025-04-23 00:54:27,83.88,420.0,22.55,121
2025-04-23 00:54:28,83.81,420.0,5.36,125
2025-04-23 00:54:29,83.74,420.0,6.52,110
2025-04-23 00:54:30,83.68,420.0,12.33,108
2025-04-23 00:54:31,83.61,420.0,7.74,124
2025-04-23 00:54:32,83.54,420.0,10.44,111
2025-04-23 00:54:33,83.47,420.0,6.49,127
2025-04-23 00:54:34,83.41,420.0,11.33,106
2025-04-23 00:54:35,83.35,420.0,12.29,110
2025-04-23 00:54:36,83.29,420.0,12.6,105
2025-04-23 00:54:37,83.27,420.0,64.66,202
2025-04-23 00:54:38,83.22,420.0,36.32,157
2025-04-23 00:54:39,83.22,420.0,92.79,250
2025-04-23 00:54:40,83.15,420.0,25.12,160
2025-04-23 00:54:41,83.09,420.0,21.63,192
2025-04-23 00:54:42,82.98,420.0,13.09,176
2025-04-23 00:54:43,82.92,420.0,32.76,189
2025-04-23 00:54:44,82.82,420.0,16.55,180
2025-04-23 00:54:45,82.76,420.0,40.89,184
2025-04-23 00:54:46,82.67,420.0,6.55,173
2025-04-23 00:54:47,82.57,420.0,7.74,193
2025-04-23 00:54:48,82.46,420.0,10.35,169
2025-04-23 00:54:49,82.38,420.0,10.1,138
2025-04-23 00:54:50,82.31,420.0,13.56,130
2025-04-23 00:54:51,82.26,420.0,37.95,152
2025-04-23 00:54:52,82.19,420.0,5.48,121
2025-04-23 00:54:53,82.12,417.84,8.62,116
2025-04-23 00:54:54,82.06,410.0,6.52,101
2025-04-23 00:54:55,82.0,410.0,6.17,105
2025-04-23 00:54:56,81.95,410.0,13.09,107
2025-04-23 00:54:57,81.89,410.0,4.64,98
2025-04-23 00:54:58,81.83,410.0,4.88,102
2025-04-23 00:54:59,81.78,410.0,7.89,99
2025-04-23 00:55:00,81.72,410.0,8.12,97
2025-04-23 00:55:01,81.67,410.0,7.66,96
2025-04-23 00:55:02,81.61,410.0,6.47,119
2025-04-23 00:55:03,81.55,410.0,6.49,94
2025-04-23 00:55:04,81.49,410.0,5.03,100
2025-04-23 00:55:05,81.44,410.0,7.94,104
2025-04-23 00:55:06,81.39,410.0,20.44,90
2025-04-23 00:55:07,81.4,410.0,98.06,157
2025-04-23 00:55:08,81.38,410.0,46.7,158
2025-04-23 00:55:09,81.4,410.0,115.32,187
2025-04-23 00:55:10,81.38,410.0,40.89,175
2025-04-23 00:55:11,81.3,410.0,15.48,164
2025-04-23 00:55:13,81.14,410.0,11.26,170
2025-04-23 00:55:14,81.05,410.0,5.22,164
2025-04-23 00:55:15,80.96,410.0,9.91,165
2025-04-23 00:55:16,80.88,410.0,14.05,149
2025-04-23 00:55:17,80.81,410.0,21.56,150
2025-04-23 00:55:18,80.74,410.0,6.74,143
2025-04-23 00:55:19,80.66,410.0,12.49,151
2025-04-23 00:55:20,80.59,402.85,10.03,137
2025-04-23 00:55:21,80.53,400.0,16.05,104
2025-04-23 00:55:22,80.47,400.0,7.88,108
2025-04-23 00:55:23,80.42,400.0,19.84,118
2025-04-23 00:55:24,80.37,400.0,4.5,106
2025-04-23 00:55:25,80.31,400.0,14.38,104
2025-04-23 00:55:26,80.27,400.0,6.32,78
2025-04-23 00:55:27,80.24,400.0,59.12,123
2025-04-23 00:55:28,80.2,400.0,24.02,139
2025-04-23 00:55:29,80.22,400.0,149.03,144
2025-04-23 00:55:30,80.21,400.0,19.93,141
2025-04-23 00:55:31,80.15,400.0,18.49,132
2025-04-23 00:55:32,80.09,400.0,5.33,125
2025-04-23 00:55:33,80.02,400.0,15.75,132
2025-04-23 00:55:34,79.95,400.0,5.1,134
2025-04-23 00:55:35,79.88,400.0,8.07,136
2025-04-23 00:55:36,79.81,400.0,5.66,131
2025-04-23 00:55:37,79.86,400.0,173.15,195
2025-04-23 00:55:38,79.9,400.0,52.56,178
2025-04-23 00:55:39,79.84,400.0,23.17,148
2025-04-23 00:55:40,79.77,400.0,8.35,164
2025-04-23 00:55:41,79.69,400.0,14.56,166
2025-04-23 00:55:42,79.6,400.0,6.47,185
2025-04-23 00:55:43,79.52,400.0,14.92,149
2025-04-23 00:55:44,79.44,400.0,5.42,177
2025-04-23 00:55:45,79.35,400.0,9.12,169
2025-04-23 00:55:46,79.27,400.0,7.34,141
2025-04-23 00:55:47,79.24,400.0,85.29,168
2025-04-23 00:55:48,79.21,394.62,11.06,145
2025-04-23 00:55:49,79.14,390.0,23.22,161
2025-04-23 00:55:50,79.07,390.0,11.82,148
2025-04-23 00:55:51,79.01,390.0,11.75,115
2025-04-23 00:55:52,78.95,390.0,4.53,127
2025-04-23 00:55:53,78.89,390.0,8.16,109
2025-04-23 00:55:54,78.83,390.0,4.66,112
2025-04-23 00:55:55,78.78,390.0,7.53,94
2025-04-23 00:55:56,78.72,390.0,4.18,120
2025-04-23 00:55:57,78.68,390.0,42.99,114
2025-04-23 00:55:58,78.71,390.0,139.25,160
2025-04-23 00:55:59,78.73,390.0,61.83,166
2025-04-23 00:56:00,78.69,390.0,34.73,175
2025-04-23 00:56:01,78.63,390.0,28.14,161
2025-04-23 00:56:02,78.56,390.0,7.25,158
2025-04-23 00:56:03,78.49,390.0,25.49,173
2025-04-23 00:56:04,78.42,390.0,5.96,159
2025-04-23 00:56:05,78.34,390.0,10.38,158
2025-04-23 00:56:06,78.26,390.0,6.92,154
2025-04-23 00:56:07,78.19,390.0,18.21,156
2025-04-23 00:56:08,78.12,390.0,7.44,166
2025-04-23 00:56:09,78.05,390.0,35.7,173
2025-04-23 00:56:10,77.99,390.0,12.64,159
2025-04-23 00:56:11,77.92,390.0,15.61,171
2025-04-23 00:56:12,77.84,390.0,5.16,164
2025-04-23 00:56:13,77.76,390.0,15.29,165
2025-04-23 00:56:14,77.69,390.0,7.16,149
2025-04-23 00:56:15,77.62,390.0,26.4,179
2025-04-23 00:56:16,77.54,390.0,4.9,177
2025-04-23 00:56:17,77.46,390.0,10.01,163
2025-04-23 00:56:18,77.39,382.98,5.39,121
2025-04-23 00:56:19,77.34,380.0,34.59,131
2025-04-23 00:56:20,77.31,380.0,34.26,146
2025-04-23 00:56:21,77.27,380.0,53.94,122
2025-04-23 00:56:22,77.23,380.0,12.4,146
2025-04-23 00:56:23,77.17,380.0,31.16,131
2025-04-23 00:56:24,77.13,380.0,6.7,133
2025-04-23 00:56:25,77.07,380.0,27.14,105
2025-04-23 00:56:26,77.04,380.0,25.18,149
2025-04-23 00:56:27,76.98,380.0,28.34,185
2025-04-23 00:56:28,76.91,380.0,5.9,137
2025-04-23 00:56:29,76.85,380.0,18.49,144
2025-04-23 00:56:30,76.79,380.0,23.02,134
2025-04-23 00:56:31,76.75,380.0,83.07,121
2025-04-23 00:56:32,76.85,380.0,135.35,184
2025-04-23 00:56:33,76.82,380.0,32.38,136
2025-04-23 00:56:34,76.78,380.0,9.78,136
2025-04-23 00:56:35,76.71,380.0,12.31,137
2025-04-23 00:56:36,76.65,380.0,9.14,152
2025-04-23 00:56:37,76.58,380.0,12.01,132
2025-04-23 00:56:38,76.53,380.0,8.2,141
2025-04-23 00:56:39,76.47,380.0,11.24,111
2025-04-23 00:56:40,76.42,380.0,11.95,120
2025-04-23 00:56:41,76.37,380.0,30.55,115
2025-04-23 00:56:42,76.33,380.0,16.29,129
2025-04-23 00:56:43,76.28,380.0,13.01,114
2025-04-23 00:56:44,76.23,380.0,11.2,116
2025-04-23 00:56:45,76.18,380.0,12.46,97
2025-04-23 00:56:46,76.14,380.0,22.66,136
2025-04-23 00:56:47,76.11,380.0,59.23,157
2025-04-23 00:56:48,76.08,380.0,38.29,174
2025-04-23 00:56:49,76.07,380.0,95.87,179
2025-04-23 00:56:50,76.13,380.0,136.17,187
2025-04-23 00:56:51,76.13,380.0,46.86,179
2025-04-23 00:56:52,76.1,380.0,41.62,185
2025-04-23 00:56:53,76.04,380.0,18.37,179
2025-04-23 00:56:54,75.97,380.0,24.1,209
2025-04-23 00:56:55,75.89,380.0,13.16,173
2025-04-23 00:56:56,75.84,375.71,27.36,163
2025-04-23 00:56:57,75.81,370.0,86.46,229
2025-04-23 00:56:58,75.87,370.0,98.45,242
2025-04-23 00:56:59,75.82,370.0,21.0,197
2025-04-23 00:57:00,75.83,370.0,90.03,232
2025-04-23 00:57:01,75.79,370.0,38.02,190
2025-04-23 00:57:02,75.83,370.0,144.08,238
2025-04-23 00:57:03,75.84,370.0,40.34,187
2025-04-23 00:57:04,75.85,370.0,72.93,232
2025-04-23 00:57:05,75.79,370.0,48.4,202
2025-04-23 00:57:06,75.77,370.0,36.85,222
2025-04-23 00:57:07,75.73,370.0,74.62,292
2025-04-23 00:57:08,75.8,370.0,133.38,353
2025-04-23 00:57:09,75.82,370.0,23.1,244
2025-04-23 00:57:10,75.79,370.0,72.01,244
2025-04-23 00:57:11,75.74,370.0,26.83,261
2025-04-23 00:57:12,75.79,370.0,366.71,143
2025-04-23 00:57:13,76.31,374.31,474.45,274
2025-04-23 00:57:14,77.03,380.0,935.74,140
2025-04-23 00:57:15,78.34,387.94,840.33,325
2025-04-23 00:57:16,79.58,397.17,879.31,198
2025-04-23 00:57:17,80.54,407.17,576.94,279
2025-04-23 00:57:18,81.04,410.0,546.01,81
2025-04-23 00:57:19,81.96,419.8,850.46,296
2025-04-23 00:57:20,83.73,426.3,1481.87,281
2025-04-23 00:57:21,87.47,436.65,1845.41,358
2025-04-23 00:57:22,89.9,448.97,1178.86,204
2025-04-23 00:57:23,91.49,463.44,869.03,331
2025-04-23 00:57:25,93.84,482.44,1194.27,283
2025-04-23 00:57:26,95.17,490.0,1224.7,139
2025-04-23 00:57:27,98.37,504.11,1829.79,443
2025-04-23 00:57:28,101.63,525.88,732.35,413
2025-04-23 00:57:29,102.14,530.0,21.15,234
2025-04-23 00:57:30,102.12,530.0,189.18,203
2025-04-23 00:57:31,102.17,530.0,52.54,302
2025-04-23 00:57:32,102.16,530.0,269.72,179
2025-04-23 00:57:33,102.36,530.0,120.51,291
2025-04-23 00:57:34,102.31,530.0,75.15,205
2025-04-23 00:57:35,102.23,530.0,16.84,208
2025-04-23 00:57:36,102.15,530.0,74.97,195
2025-04-23 00:57:37,102.08,530.0,20.31,217
2025-04-23 00:57:38,101.99,530.0,16.76,159
2025-04-23 00:57:39,101.9,526.82,10.02,154
2025-04-23 00:57:40,101.82,520.0,43.06,194
2025-04-23 00:57:41,101.74,520.0,6.74,155
2025-04-23 00:57:42,101.66,520.0,33.47,169
2025-04-23 00:57:43,101.58,520.0,9.05,150
2025-04-23 00:57:44,101.5,520.0,36.48,169
2025-04-23 00:57:45,101.43,520.0,13.57,142
2025-04-23 00:57:46,101.37,520.0,57.0,180
2025-04-23 00:57:47,101.3,520.0,16.76,171
2025-04-23 00:57:48,101.21,520.0,10.42,148
2025-04-23 00:57:49,101.13,520.0,4.44,114
2025-04-23 00:57:50,101.07,520.0,20.74,126
2025-04-23 00:57:51,101.0,520.0,6.08,119
2025-04-23 00:57:52,100.94,520.0,15.01,122
2025-04-23 00:57:53,100.87,520.0,6.32,127
2025-04-23 00:57:54,100.81,520.0,24.08,98
2025-04-23 00:57:55,100.75,520.0,13.54,122
2025-04-23 00:57:56,100.69,520.0,23.71,112
2025-04-23 00:57:57,100.65,520.0,61.75,168
2025-04-23 00:57:58,100.61,520.0,62.14,175
2025-04-23 00:57:59,100.57,516.29,66.5,175
2025-04-23 00:58:00,100.52,510.0,39.14,143
2025-04-23 00:58:01,100.45,510.0,10.68,155
2025-04-23 00:58:02,100.37,510.0,35.98,175
2025-04-23 00:58:03,100.29,510.0,9.27,169
2025-04-23 00:58:04,100.2,510.0,19.21,179
2025-04-23 00:58:05,100.11,510.0,8.22,167
2025-04-23 00:58:06,100.02,510.0,15.52,161
2025-04-23 00:58:07,99.96,510.0,61.28,230
2025-04-23 00:58:08,99.91,510.0,80.06,249
2025-04-23 00:58:09,99.84,510.0,12.49,211
2025-04-23 00:58:10,99.74,510.0,22.97,199
2025-04-23 00:58:11,99.64,510.0,8.15,205
2025-04-23 00:58:12,99.53,510.0,25.55,221
2025-04-23 00:58:13,99.43,510.0,7.41,210
2025-04-23 00:58:14,99.34,510.0,42.68,197
2025-04-23 00:58:15,99.25,504.71,20.94,221
2025-04-23 00:58:16,99.15,500.0,20.31,196
2025-04-23 00:58:17,99.04,500.0,9.25,235
2025-04-23 00:58:18,98.93,500.0,13.9,207
2025-04-23 00:58:19,98.83,500.0,5.74,153
2025-04-23 00:58:20,98.76,500.0,38.65,139
2025-04-23 00:58:21,98.7,500.0,15.58,198
2025-04-23 00:58:22,98.6,500.0,13.5,156
2025-04-23 00:58:23,98.51,500.0,7.06,177
2025-04-23 00:58:24,98.42,500.0,9.59,166
2025-04-23 00:58:25,98.34,500.0,4.93,152
2025-04-23 00:58:26,98.27,500.0,58.51,170
2025-04-23 00:58:27,98.23,500.0,37.8,130
2025-04-23 00:58:28,98.17,500.0,13.29,143
2025-04-23 00:58:29,98.09,500.0,7.02,162
2025-04-23 00:58:30,98.02,500.0,17.37,129
2025-04-23 00:58:31,97.95,500.0,8.05,130
2025-04-23 00:58:32,97.89,500.0,21.04,107
2025-04-23 00:58:33,97.85,500.0,29.43,153
2025-04-23 00:58:34,97.77,500.0,7.68,145
2025-04-23 00:58:35,97.7,500.0,5.58,128
2025-04-23 00:58:36,97.63,500.0,12.3,135
2025-04-23 00:58:37,97.56,500.0,14.2,148
2025-04-23 00:58:38,97.49,500.0,7.15,132
2025-04-23 00:58:39,97.42,500.0,8.83,130
2025-04-23 00:58:40,97.35,500.0,21.7,125
2025-04-23 00:58:41,97.29,500.0,12.72,160
2025-04-23 00:58:42,97.21,500.0,13.98,140
2025-04-23 00:58:43,97.14,500.0,5.38,139
2025-04-23 00:58:44,97.07,500.0,6.9,126
2025-04-23 00:58:45,97.01,500.0,5.51,128
2025-04-23 00:58:46,96.94,500.0,19.47,118
2025-04-23 00:58:47,96.9,494.65,74.24,185
2025-04-23 00:58:48,96.86,490.0,9.79,135
2025-04-23 00:58:49,96.79,490.0,11.79,140
2025-04-23 00:58:50,96.72,490.0,20.23,152
2025-04-23 00:58:51,96.66,490.0,12.7,144
2025-04-23 00:58:52,96.58,490.0,9.96,150
2025-04-23 00:58:53,96.52,490.0,29.19,157
2025-04-23 00:58:54,96.44,490.0,6.86,144
2025-04-23 00:58:55,96.37,490.0,6.38,152
2025-04-23 00:58:56,96.3,490.0,16.73,126
2025-04-23 00:58:57,96.25,490.0,30.26,152
2025-04-23 00:58:58,96.18,490.0,7.61,140
2025-04-23 00:58:59,96.11,490.0,16.3,143
2025-04-23 00:59:00,96.04,490.0,19.06,139
2025-04-23 00:59:01,95.98,490.0,10.54,132
2025-04-23 00:59:02,95.91,490.0,8.48,138
2025-04-23 00:59:03,95.85,490.0,8.45,127
2025-04-23 00:59:04,95.78,490.0,5.72,121
2025-04-23 00:59:05,95.72,490.0,7.11,142
2025-04-23 00:59:06,95.65,490.0,8.38,111
2025-04-23 00:59:07,95.62,490.0,85.04,148
2025-04-23 00:59:08,95.61,490.0,115.55,171
2025-04-23 00:59:09,95.6,490.0,41.07,195
2025-04-23 00:59:10,95.54,490.0,23.15,144
2025-04-23 00:59:11,95.49,490.0,26.52,152
2025-04-23 00:59:12,95.41,490.0,7.1,179
2025-04-23 00:59:13,95.34,486.9,30.33,155
2025-04-23 00:59:14,95.26,480.0,4.83,171
2025-04-23 00:59:15,95.18,480.0,13.79,156
2025-04-23 00:59:16,95.1,480.0,6.45,166
2025-04-23 00:59:17,95.04,480.0,67.39,233
2025-04-23 00:59:18,94.99,480.0,43.29,243
2025-04-23 00:59:19,94.91,480.0,21.06,214
2025-04-23 00:59:20,94.82,480.0,13.1,184
2025-04-23 00:59:21,94.76,480.0,38.75,222
2025-04-23 00:59:22,94.66,480.0,18.39,237
2025-04-23 00:59:23,94.57,480.0,20.92,200
2025-04-23 00:59:24,94.47,480.0,5.07,209
2025-04-23 00:59:25,94.38,480.0,14.87,205
2025-04-23 00:59:26,94.27,480.0,6.72,236
2025-04-23 00:59:27,94.2,480.0,49.45,205
